F:\程序\CWEB\MYSQLDEMO\MYSQLDEMO\DEBUG\MAIN.OBJ
F:\程序\CWEB\MYSQLDEMO\MYSQLDEMO\DEBUG\VC110.PDB
F:\程序\CWEB\MYSQLDEMO\MYSQLDEMO\DEBUG\SQL.OBJ
F:\程序\CWEB\MYSQLDEMO\DEBUG\MYSQLDEMO.ILK
F:\程序\CWEB\MYSQLDEMO\DEBUG\MYSQLDEMO.EXE
F:\程序\CWEB\MYSQLDEMO\DEBUG\MYSQLDEMO.PDB
F:\程序\CWeb\MySQLDemo\MySQLDemo\Debug\main.obj
F:\程序\CWeb\MySQLDemo\MySQLDemo\Debug\sql.obj
F:\程序\CWeb\MySQLDemo\MySQLDemo\Debug\cl.command.1.tlog
F:\程序\CWeb\MySQLDemo\MySQLDemo\Debug\CL.read.1.tlog
F:\程序\CWeb\MySQLDemo\MySQLDemo\Debug\CL.write.1.tlog
F:\程序\CWeb\MySQLDemo\MySQLDemo\Debug\link-cvtres.read.1.tlog
F:\程序\CWeb\MySQLDemo\MySQLDemo\Debug\link-cvtres.write.1.tlog
F:\程序\CWeb\MySQLDemo\MySQLDemo\Debug\link-rc.read.1.tlog
F:\程序\CWeb\MySQLDemo\MySQLDemo\Debug\link-rc.write.1.tlog
F:\程序\CWeb\MySQLDemo\MySQLDemo\Debug\link.8644-cvtres.read.1.tlog
F:\程序\CWeb\MySQLDemo\MySQLDemo\Debug\link.8644-cvtres.write.1.tlog
F:\程序\CWeb\MySQLDemo\MySQLDemo\Debug\link.8644-rc.read.1.tlog
F:\程序\CWeb\MySQLDemo\MySQLDemo\Debug\link.8644-rc.write.1.tlog
F:\程序\CWeb\MySQLDemo\MySQLDemo\Debug\link.8644.read.1.tlog
F:\程序\CWeb\MySQLDemo\MySQLDemo\Debug\link.8644.write.1.tlog
F:\程序\CWeb\MySQLDemo\MySQLDemo\Debug\link.command.1.tlog
F:\程序\CWeb\MySQLDemo\MySQLDemo\Debug\link.read.1.tlog
F:\程序\CWeb\MySQLDemo\MySQLDemo\Debug\link.write.1.tlog
F:\程序\CWeb\MySQLDemo\MySQLDemo\Debug\vc110.idb
F:\程序\CWeb\MySQLDemo\MySQLDemo\Debug\vc110.pdb
F:\程序\CWeb\MySQLDemo\Debug\MySQLDemo.pdb
F:\程序\CWeb\MySQLDemo\Debug\MySQLDemo.exe
F:\程序\CWeb\MySQLDemo\Debug\MySQLDemo.ilk
