生成启动时间为 2016/2/24 22:00:56。
     1>项目“F:\程序\CWeb\MySQLDemo\MySQLCGIDemo\MySQLCGIDemo.vcxproj”在节点 2 上(Build 个目标)。
     1>C:\Program Files (x86)\MSBuild\Microsoft.Cpp\v4.0\V110\Microsoft.CppBuild.targets(346,5): warning MSB8004: Output Directory does not end with a trailing slash.  This build instance will add the slash as it is required to allow proper evaluation of the Output Directory.
     1>ClCompile:
         D:\VS2012\VC\bin\CL.exe /c /ZI /nologo /W3 /WX- /Od /Oy- /D WIN32 /D _DEBUG /D _CONSOLE /D _UNICODE /D UNICODE /Gm /EHsc /RTC1 /MDd /GS /fp:precise /Zc:wchar_t /Zc:forScope /Fo"Debug\\" /Fd"Debug\vc110.pdb" /Gd /TC /analyze- /errorReport:prompt cgi.c main.c
         main.c
     1>f:\程序\cweb\mysqldemo\mysqlcgidemo\main.c(68): warning C4996: 'sprintf': This function or variable may be unsafe. Consider using sprintf_s instead. To disable deprecation, use _CRT_SECURE_NO_WARNINGS. See online help for details.
                 d:\vs2012\vc\include\stdio.h(357) : 参见“sprintf”的声明
         cgi.c
         正在生成代码...
       Link:
         D:\VS2012\VC\bin\link.exe /ERRORREPORT:PROMPT /OUT:"E:\Server\MySQLCGIDemo.cgi" /INCREMENTAL /NOLOGO libmysql.lib kernel32.lib user32.lib gdi32.lib winspool.lib comdlg32.lib advapi32.lib shell32.lib ole32.lib oleaut32.lib uuid.lib odbc32.lib odbccp32.lib /MANIFEST /MANIFESTUAC:"level='asInvoker' uiAccess='false'" /manifest:embed /DEBUG /PDB:"E:\Server\MySQLCGIDemo.pdb" /SUBSYSTEM:CONSOLE /TLBID:1 /DYNAMICBASE /NXCOMPAT /IMPLIB:"E:\Server\MySQLCGIDemo.lib" /MACHINE:X86 Debug\cgi.obj
         Debug\cgic.obj
         Debug\ctemplate.obj
         Debug\main.obj
         Debug\sql.obj
         MySQLCGIDemo.vcxproj -> E:\Server\MySQLCGIDemo.cgi
     1>已完成生成项目“F:\程序\CWeb\MySQLDemo\MySQLCGIDemo\MySQLCGIDemo.vcxproj”(Build 个目标)的操作。

生成成功。

已用时间 00:00:01.46
