F:\程序\CWEB\MYSQLDEMO\MYSQLCGIDEMO\DEBUG\CGIC.OBJ
F:\程序\CWEB\MYSQLDEMO\MYSQLCGIDEMO\DEBUG\CTEMPLATE.OBJ
F:\程序\CWEB\MYSQLDEMO\MYSQLCGIDEMO\DEBUG\MAIN.OBJ
F:\程序\CWEB\MYSQLDEMO\MYSQLCGIDEMO\DEBUG\SQL.OBJ
F:\程序\CWEB\MYSQLDEMO\MYSQLCGIDEMO\DEBUG\VC110.PDB
F:\程序\CWEB\MYSQLDEMO\MYSQLCGIDEMO\DEBUG\CGI.OBJ
E:\SERVER\MYSQLCGIDEMO.ILK
E:\SERVER\MYSQLCGIDEMO.CGI
E:\SERVER\MYSQLCGIDEMO.PDB
F:\程序\CWeb\MySQLDemo\MySQLCGIDemo\Debug\cgi.obj
F:\程序\CWeb\MySQLDemo\MySQLCGIDemo\Debug\cgic.obj
F:\程序\CWeb\MySQLDemo\MySQLCGIDemo\Debug\ctemplate.obj
F:\程序\CWeb\MySQLDemo\MySQLCGIDemo\Debug\main.obj
F:\程序\CWeb\MySQLDemo\MySQLCGIDemo\Debug\sql.obj
F:\程序\CWeb\MySQLDemo\MySQLCGIDemo\Debug\cl.command.1.tlog
F:\程序\CWeb\MySQLDemo\MySQLCGIDemo\Debug\CL.read.1.tlog
F:\程序\CWeb\MySQLDemo\MySQLCGIDemo\Debug\CL.write.1.tlog
F:\程序\CWeb\MySQLDemo\MySQLCGIDemo\Debug\link-cvtres.read.1.tlog
F:\程序\CWeb\MySQLDemo\MySQLCGIDemo\Debug\link-cvtres.write.1.tlog
F:\程序\CWeb\MySQLDemo\MySQLCGIDemo\Debug\link-rc.read.1.tlog
F:\程序\CWeb\MySQLDemo\MySQLCGIDemo\Debug\link-rc.write.1.tlog
F:\程序\CWeb\MySQLDemo\MySQLCGIDemo\Debug\link.11116-cvtres.read.1.tlog
F:\程序\CWeb\MySQLDemo\MySQLCGIDemo\Debug\link.11116-cvtres.write.1.tlog
F:\程序\CWeb\MySQLDemo\MySQLCGIDemo\Debug\link.11116-rc.read.1.tlog
F:\程序\CWeb\MySQLDemo\MySQLCGIDemo\Debug\link.11116-rc.write.1.tlog
F:\程序\CWeb\MySQLDemo\MySQLCGIDemo\Debug\link.11116.read.1.tlog
F:\程序\CWeb\MySQLDemo\MySQLCGIDemo\Debug\link.11116.write.1.tlog
F:\程序\CWeb\MySQLDemo\MySQLCGIDemo\Debug\link.command.1.tlog
F:\程序\CWeb\MySQLDemo\MySQLCGIDemo\Debug\link.read.1.tlog
F:\程序\CWeb\MySQLDemo\MySQLCGIDemo\Debug\link.write.1.tlog
F:\程序\CWeb\MySQLDemo\MySQLCGIDemo\Debug\vc110.idb
F:\程序\CWeb\MySQLDemo\MySQLCGIDemo\Debug\vc110.pdb
E:\Server\MySQLCGIDemo.pdb
E:\Server\MySQLCGIDemo.cgi
E:\Server\MySQLCGIDemo.ilk
